Using pre-set license

 COMMAND LINE ARGUMENTS:
/Volumes/SunDisk/Unity/Unity.app/Contents/MacOS/Unity
-adb2
-batchMode
-noUpm
-name
AssetImportWorker0
-projectPath
/Volumes/SunDisk/Unity/Games/IndieGame1
-logFile
Logs/AssetImportWorker0.log
-srvPort
50469
Successfully changed project path to: /Volumes/SunDisk/Unity/Games/IndieGame1
/Volumes/SunDisk/Unity/Games/IndieGame1
Using Asset Import Pipeline V2.
Refreshing native plugins compatible for Editor in 31.93 ms, found 1 plugins.
Preloading 0 native plugins for Editor in 0.00 ms.
Initialize engine version: 2020.3.12f1 (b3b2c6512326)
[Subsystems] Discovering subsystems at path /Volumes/SunDisk/Unity/Unity.app/Contents/Resources/UnitySubsystems
[Subsystems] Discovering subsystems at path /Volumes/SunDisk/Unity/Games/IndieGame1/Assets
GfxDevice: creating device client; threaded=0
2021-11-16 13:50:13.858 Unity[17255:1141988] Color LCD preferred device: Intel(R) UHD Graphics 617 (low power)
2021-11-16 13:50:13.858 Unity[17255:1141988] Metal devices available: 1
2021-11-16 13:50:13.858 Unity[17255:1141988] 0: Intel(R) UHD Graphics 617 (low power)
2021-11-16 13:50:13.858 Unity[17255:1141988] Using device Intel(R) UHD Graphics 617 (low power)
Initializing Metal device caps: Intel(R) UHD Graphics 617
Initialize mono
Mono path[0] = '/Volumes/SunDisk/Unity/Unity.app/Contents/Managed'
Mono path[1] = '/Volumes/SunDisk/Unity/Unity.app/Contents/MonoBleedingEdge/lib/mono/unityjit'
Mono config path = '/Volumes/SunDisk/Unity/Unity.app/Contents/MonoBleedingEdge/etc'
Using monoOptions --debugger-agent=transport=dt_socket,embedding=1,server=y,suspend=n,address=127.0.0.1:56255
Begin MonoManager ReloadAssembly
Registering precompiled unity dll's ...
Register platform support module: /Volumes/SunDisk/Unity/Unity.app/Contents/PlaybackEngines/MacStandaloneSupport/UnityEditor.OSXStandalone.Extensions.dll
Registered in 0.007151 seconds.
Native extension for OSXStandalone target not found
Refreshing native plugins compatible for Editor in 17.53 ms, found 1 plugins.
Preloading 0 native plugins for Editor in 0.00 ms.
Mono: successfully reloaded assembly
- Completed reload, in  2.445 seconds
Platform modules already initialized, skipping
Registering precompiled user dll's ...
Registered in 0.015500 seconds.
Begin MonoManager ReloadAssembly
Native extension for OSXStandalone target not found
Refreshing native plugins compatible for Editor in 0.31 ms, found 1 plugins.
Preloading 0 native plugins for Editor in 0.00 ms.
Mono: successfully reloaded assembly
- Completed reload, in  1.562 seconds
Platform modules already initialized, skipping
========================================================================
Worker process is ready to serve import requests
Launching external process: /Volumes/SunDisk/Unity/Unity.app/Contents/Tools/UnityShaderCompiler
Launched and connected shader compiler UnityShaderCompiler after 0.02 seconds
Refreshing native plugins compatible for Editor in 0.55 ms, found 1 plugins.
Preloading 0 native plugins for Editor in 0.00 ms.
Unloading 643 Unused Serialized files (Serialized files now loaded: 0)
System memory in use before: 134.0 MB.
System memory in use after: 132.3 MB.

Unloading 42 unused Assets to reduce memory usage. Loaded Objects now: 1088.
Total: 4.022464 ms (FindLiveObjects: 0.155199 ms CreateObjectMapping: 0.029283 ms MarkObjects: 1.779115 ms  DeleteObjects: 2.057473 ms)

AssetImportParameters requested are different than current active one (requested -> active):
  custom:video-decoder-ogg-theora: a1e56fd34408186e4bbccfd4996cb3dc -> 
  custom:container-muxer-webm: aa71ff27fc2769a1b78a27578f13a17b -> 
  custom:container-demuxer-webm: 4f35f7cbe854078d1ac9338744f61a02 -> 
  custom:container-demuxer-ogg: 62fdf1f143b41e24485cea50d1cbac27 -> 
  custom:video-encoder-webm-vp8: eb34c28f22e8b96e1ab97ce403110664 -> 
  custom:framework-osx-AVFoundation: e770b220cccbd017edd2c1fefb359320 -> 
  custom:video-decoder-webm-vp8: 9c59270c3fd7afecdb556c50c9e8de78 -> 
  custom:audio-decoder-ogg-vorbis: bf7c407c2cedff20999df2af8eb42d56 -> 
  custom:audio-encoder-webm-vorbis: bf7c407c2cedff20999df2af8eb42d56 -> 
========================================================================
Received Import Request.
  path: Assets/Scripts/DoorCellOpen.cs
  artifactKey: Guid(591294c2779c14d2db0d50b957fe89cc) Importer(815301076,1909f56bfc062723c751e8b465ee728b)
Start importing Assets/Scripts/DoorCellOpen.cs using Guid(591294c2779c14d2db0d50b957fe89cc) Importer(815301076,1909f56bfc062723c751e8b465ee728b)  -> (artifact id: '70051fb81cb6e6cafe2c136b13791b08') in 4.714284 seconds 
  Import took 4.719711 seconds .

========================================================================
Received Import Request.
  Time since last request: 0.000795 seconds.
  path: Assets/Scripts
  artifactKey: Guid(baf79937a61724e15a5df5e1b97ffcfb) Importer(815301076,1909f56bfc062723c751e8b465ee728b)
Start importing Assets/Scripts using Guid(baf79937a61724e15a5df5e1b97ffcfb) Importer(815301076,1909f56bfc062723c751e8b465ee728b)  -> (artifact id: 'ddbb8dfc6da49b83edebccb9a4a5ccf2') in 0.001625 seconds 
  Import took 0.005625 seconds .

========================================================================
Received Import Request.
  Time since last request: 13.745089 seconds.
  path: Assets/Scripts/Explain.cs
  artifactKey: Guid(a4741830324a0489c83092666abf8315) Importer(815301076,1909f56bfc062723c751e8b465ee728b)
Start importing Assets/Scripts/Explain.cs using Guid(a4741830324a0489c83092666abf8315) Importer(815301076,1909f56bfc062723c751e8b465ee728b)  -> (artifact id: 'f2f42e4e79ac75791ffe97f91bb188b8') in 0.007701 seconds 
  Import took 0.010711 seconds .

========================================================================
Received Import Request.
  Time since last request: 1035.126869 seconds.
  path: Assets/Scripts/Sequences
  artifactKey: Guid(c48d786da144749afa063c9e35898318) Importer(815301076,1909f56bfc062723c751e8b465ee728b)
Start importing Assets/Scripts/Sequences using Guid(c48d786da144749afa063c9e35898318) Importer(815301076,1909f56bfc062723c751e8b465ee728b)  -> (artifact id: 'e580803bb9c24226f9a8b98a9c938bb8') in 0.016140 seconds 
  Import took 0.040974 seconds .

========================================================================
Received Import Request.
  Time since last request: 1.272312 seconds.
  path: Assets/Scripts/Sequences/AOpening.cs
  artifactKey: Guid(894ae2de05973470f97efc8640bf8989) Importer(815301076,1909f56bfc062723c751e8b465ee728b)
Start importing Assets/Scripts/Sequences/AOpening.cs using Guid(894ae2de05973470f97efc8640bf8989) Importer(815301076,1909f56bfc062723c751e8b465ee728b)  -> (artifact id: 'b1669f3ba74579a7f1b63457df578728') in 0.015927 seconds 
  Import took 0.023210 seconds .

